kotlin version: 2.2.10
error message: Incremental compilation failed: java.lang.ArrayIndexOutOfBoundsException: Array index out of range: 0
java.io.IOException: java.lang.ArrayIndexOutOfBoundsException: Array index out of range: 0
	at org.jetbrains.kotlin.com.intellij.util.io.CompressedAppendableFile.loadChunk(CompressedAppendableFile.java:195)
	at org.jetbrains.kotlin.com.intellij.util.io.CompressedAppendableFile.access$100(CompressedAppendableFile.java:31)
	at org.jetbrains.kotlin.com.intellij.util.io.CompressedAppendableFile$FileChunkReadCache.get(CompressedAppendableFile.java:462)
	at org.jetbrains.kotlin.com.intellij.util.io.CompressedAppendableFile$SegmentedChunkInputStream.read(CompressedAppendableFile.java:517)
	at java.base/java.io.DataInputStream.readFully(Unknown Source)
	at org.jetbrains.kotlin.com.intellij.util.io.PersistentHashMapValueStorage$ReaderOverCompressedFile.get(PersistentHashMapValueStorage.java:815)
	at org.jetbrains.kotlin.com.intellij.util.io.PersistentHashMapValueStorage.readBytes(PersistentHashMapValueStorage.java:588)
	at org.jetbrains.kotlin.com.intellij.util.io.PersistentMapImpl.doGet(PersistentMapImpl.java:684)
	at org.jetbrains.kotlin.com.intellij.util.io.PersistentMapImpl.get(PersistentMapImpl.java:621)
	at org.jetbrains.kotlin.com.intellij.util.io.PersistentHashMap.get(PersistentHashMap.java:197)
	at org.jetbrains.kotlin.incremental.storage.LazyStorage.get(LazyStorage.kt:76)
	at org.jetbrains.kotlin.incremental.storage.InMemoryStorage.get(InMemoryStorage.kt:68)
	at org.jetbrains.kotlin.incremental.storage.AppendableInMemoryStorage.get(InMemoryStorage.kt:155)
	at org.jetbrains.kotlin.incremental.storage.AppendableInMemoryStorage.get(InMemoryStorage.kt:147)
	at org.jetbrains.kotlin.incremental.storage.AppendableSetBasicMap.get(BasicMap.kt:137)
	at org.jetbrains.kotlin.incremental.storage.AbstractSourceToOutputMap.getFqNames(SourceToOutputMaps.kt:50)
	at org.jetbrains.kotlin.incremental.AbstractIncrementalCache.classesFqNamesBySources(AbstractIncrementalCache.kt:115)
	at org.jetbrains.kotlin.incremental.dirtyFiles.ChangesDetectionUtilsKt.getRemovedClassesChanges(changesDetectionUtils.kt:142)
	at org.jetbrains.kotlin.incremental.dirtyFiles.JvmSourcesToCompileCalculator.calculateSourcesToCompileWithKnownChanges(JvmSourcesToCompileCalculator.kt:77)
	at org.jetbrains.kotlin.incremental.dirtyFiles.JvmSourcesToCompileCalculator.calculateSourcesToCompileImpl(JvmSourcesToCompileCalculator.kt:49)
	at org.jetbrains.kotlin.incremental.dirtyFiles.JvmSourcesToCompileCalculator.calculateWithClasspathSnapshot(JvmSourcesToCompileCalculator.kt:97)
	at org.jetbrains.kotlin.incremental.IncrementalJvmCompilerRunner.calculateSourcesToCompile(IncrementalJvmCompilerRunner.kt:60)
	at org.jetbrains.kotlin.incremental.IncrementalJvmCompilerRunner.calculateSourcesToCompile(IncrementalJvmCompilerRunner.kt:23)
	at org.jetbrains.kotlin.incremental.IncrementalCompilerRunner.tryCompileIncrementally$lambda$10$compile(IncrementalCompilerRunner.kt:230)
	at org.jetbrains.kotlin.incremental.IncrementalCompilerRunner.tryCompileIncrementally(IncrementalCompilerRunner.kt:272)
	at org.jetbrains.kotlin.incremental.IncrementalCompilerRunner.compile(IncrementalCompilerRunner.kt:124)
	at org.jetbrains.kotlin.daemon.CompileServiceImplBase.execIncrementalCompiler(CompileServiceImpl.kt:679)
	at org.jetbrains.kotlin.daemon.CompileServiceImplBase.access$execIncrementalCompiler(CompileServiceImpl.kt:93)
	at org.jetbrains.kotlin.daemon.CompileServiceImpl.compile(CompileServiceImpl.kt:1806)
	at java.base/jdk.internal.reflect.DirectMethodHandleAccessor.invoke(Unknown Source)
	at java.base/java.lang.reflect.Method.invoke(Unknown Source)
	at java.rmi/sun.rmi.server.UnicastServerRef.dispatch(Unknown Source)
	at java.rmi/sun.rmi.transport.Transport$1.run(Unknown Source)
	at java.rmi/sun.rmi.transport.Transport$1.run(Unknown Source)
	at java.base/java.security.AccessController.doPrivileged(Unknown Source)
	at java.rmi/sun.rmi.transport.Transport.serviceCall(Unknown Source)
	at java.rmi/sun.rmi.transport.tcp.TCPTransport.handleMessages(Unknown Source)
	at java.rmi/sun.rmi.transport.tcp.TCPTransport$ConnectionHandler.run0(Unknown Source)
	at java.rmi/sun.rmi.transport.tcp.TCPTransport$ConnectionHandler.lambda$run$0(Unknown Source)
	at java.base/java.security.AccessController.doPrivileged(Unknown Source)
	at java.rmi/sun.rmi.transport.tcp.TCPTransport$ConnectionHandler.run(Unknown Source)
	at java.base/java.util.concurrent.ThreadPoolExecutor.runWorker(Unknown Source)
	at java.base/java.util.concurrent.ThreadPoolExecutor$Worker.run(Unknown Source)
	at java.base/java.lang.Thread.run(Unknown Source)
Caused by: java.lang.ArrayIndexOutOfBoundsException: Array index out of range: 0
	at org.jetbrains.kotlin.net.jpountz.util.SafeUtils.checkRange(SafeUtils.java:24)
	at org.jetbrains.kotlin.net.jpountz.util.UnsafeUtils.checkRange(UnsafeUtils.java:56)
	at org.jetbrains.kotlin.net.jpountz.lz4.LZ4JavaUnsafeFastDecompressor.decompress(LZ4JavaUnsafeFastDecompressor.java:23)
	at org.jetbrains.kotlin.net.jpountz.lz4.LZ4FastDecompressor.decompress(LZ4FastDecompressor.java:107)
	at org.jetbrains.kotlin.com.intellij.util.CompressionUtil.readCompressedWithoutOriginalBufferLength(CompressionUtil.java:135)
	at org.jetbrains.kotlin.com.intellij.util.io.CompressedAppendableFile.decompress(CompressedAppendableFile.java:365)
	at org.jetbrains.kotlin.com.intellij.util.io.CompressedAppendableFile.loadChunk(CompressedAppendableFile.java:183)
	... 43 more


